Gurobi 11.0.3 (linux64) logging started Wed Sep 18 22:06:41 2024

Set parameter LogFile to value "resources/logs/30_t1_r1_T2.0.log"
Gurobi Optimizer version 11.0.3 build v11.0.3rc0 (linux64 - "Ubuntu 22.04.4 LTS")

CPU model: 12th Gen Intel(R) Core(TM) i9-12900, instruction set [SSE2|AVX|AVX2]
Thread count: 12 physical cores, 24 logical processors, using up to 24 threads

Optimize a model with 75227 rows, 60370 columns and 632435 nonzeros
Model fingerprint: 0xe255fca4
Variable types: 35420 continuous, 24950 integer (23088 binary)
Coefficient statistics:
  Matrix range     [2e-07, 7e+03]
  Objective range  [1e-08, 2e+00]
  Bounds range     [1e+00, 1e+00]
  RHS range        [2e-03, 1e+04]

User MIP start produced solution with objective 1633.56 (0.06s)
Loaded user MIP start with objective 1633.56

Presolve removed 50238 rows and 25765 columns
Presolve time: 0.96s
Presolved: 24989 rows, 34605 columns, 223156 nonzeros
Variable types: 16801 continuous, 17804 integer (16612 binary)
Deterministic concurrent LP optimizer: primal and dual simplex
Showing primal log only...

Concurrent spin time: 0.41s (can be avoided by choosing Method=3)

Solved with primal simplex

Root simplex log...

Iteration    Objective       Primal Inf.    Dual Inf.      Time
   35701    1.0254742e+03   0.000000e+00   0.000000e+00      5s

Root relaxation: objective 1.025474e+03, 35701 iterations, 4.18 seconds (9.29 work units)

    Nodes    |    Current Node    |     Objective Bounds      |     Work
 Expl Unexpl |  Obj  Depth IntInf | Incumbent    BestBd   Gap | It/Node Time

     0     0 1025.47420    0  163 1633.56312 1025.47420  37.2%     -    5s
H    0     0                    1099.8173751 1025.47420  6.76%     -    5s
H    0     0                    1099.6870187 1025.47420  6.75%     -    6s
     0     0 1025.47420    0  163 1099.68702 1025.47420  6.75%     -    6s
     0     0 1025.89724    0  147 1099.68702 1025.89724  6.71%     -    9s
     0     0 1025.93164    0  170 1099.68702 1025.93164  6.71%     -   10s
H    0     0                    1054.7009289 1025.93164  2.73%     -   15s
H    0     0                    1054.6767789 1025.93164  2.73%     -   16s
     0     0 1025.93694    0  169 1054.67678 1025.93694  2.72%     -   16s
     0     0 1025.93697    0  175 1054.67678 1025.93697  2.72%     -   16s
     0     0 1025.97223    0  165 1054.67678 1025.97223  2.72%     -   17s
     0     0 1026.22035    0  181 1054.67678 1026.22035  2.70%     -   17s
     0     0 1026.22110    0  185 1054.67678 1026.22110  2.70%     -   17s
     0     0 1026.22842    0  193 1054.67678 1026.22842  2.70%     -   17s
     0     0 1026.47287    0  198 1054.67678 1026.47287  2.67%     -   18s
     0     0 1026.47287    0  217 1054.67678 1026.47287  2.67%     -   18s
     0     0 1026.47287    0  217 1054.67678 1026.47287  2.67%     -   18s
     0     0 1026.47287    0  213 1054.67678 1026.47287  2.67%     -   18s
     0     0 1026.85070    0  202 1054.67678 1026.85070  2.64%     -   19s
H    0     0                    1050.6757999 1026.85070  2.27%     -   21s
     0     0 1026.85070    0  161 1050.67580 1026.85070  2.27%     -   25s
     0     0 1026.85070    0  179 1050.67580 1026.85070  2.27%     -   26s
     0     0 1026.85070    0  185 1050.67580 1026.85070  2.27%     -   32s
     0     0 1026.85070    0  196 1050.67580 1026.85070  2.27%     -   32s
     0     0 1026.85070    0  175 1050.67580 1026.85070  2.27%     -   32s
     0     0 1026.85070    0  179 1050.67580 1026.85070  2.27%     -   32s
     0     0 1026.85070    0  159 1050.67580 1026.85070  2.27%     -   33s
     0     0 1026.85070    0  176 1050.67580 1026.85070  2.27%     -   33s
     0     0 1026.85070    0  175 1050.67580 1026.85070  2.27%     -   33s
     0     0 1026.85070    0  151 1050.67580 1026.85070  2.27%     -   33s
     0     0 1026.85070    0  157 1050.67580 1026.85070  2.27%     -   34s
     0     0 1026.85070    0  181 1050.67580 1026.85070  2.27%     -   34s
     0     0 1026.85070    0  178 1050.67580 1026.85070  2.27%     -   34s
     0     0 1026.85070    0  185 1050.67580 1026.85070  2.27%     -   34s
     0     0 1026.85070    0  184 1050.67580 1026.85070  2.27%     -   34s
     0     0 1026.85070    0  180 1050.67580 1026.85070  2.27%     -   35s
     0     2 1026.85070    0  150 1050.67580 1026.85070  2.27%     -   40s
H   42    56                    1050.6519270 1026.85070  2.27%   419   44s
    55    72 1026.85070    6  145 1050.65193 1026.85070  2.27%   465   46s
   198   218 1032.13814   11  100 1050.65193 1026.85070  2.27%   270   52s
H  225   218                    1050.6500374 1026.85070  2.27%   250   52s
H  348   331                    1048.8359465 1026.85070  2.10%   206   64s
   372   382 1032.16516   16  102 1048.83595 1026.85070  2.10%   203   65s
   615   595 1032.88648   24  103 1048.83595 1026.85070  2.10%   173   70s
  1110   931 1033.58727   38  100 1048.83595 1026.85070  2.10%   140   75s
  1474  1212 1034.19863   44   97 1048.83595 1026.85070  2.10%   127   91s
  2060  1605 1034.48528   49  108 1048.83595 1026.85070  2.10%   118   95s
  2378  1869 1034.65200   51  159 1048.83595 1026.85070  2.10%   118  100s
  2916  2201 1035.19863   54   83 1048.83595 1026.85070  2.10%   119  105s
  3300  2379 1034.25562   10  163 1048.83595 1026.85070  2.10%   119  117s
  3302  2380 1034.66876   20  159 1048.83595 1026.85070  2.10%   119  123s
  3303  2381 1038.52434   30  186 1048.83595 1026.85070  2.10%   118  127s
  3305  2382 1032.98045    7  237 1048.83595 1026.85070  2.10%   118  130s
  3311  2386 1034.88829   15  170 1048.83595 1026.85070  2.10%   118  138s
  3312  2387 1040.47333   67  170 1048.83595 1026.85070  2.10%   118  142s
  3319  2398 1028.36763   16  182 1048.83595 1028.02363  1.98%   127  145s
  3363  2442 1029.79170   19  184 1048.83595 1028.04176  1.98%   130  150s
  3411  2472 1030.35088   20  199 1048.83595 1028.16380  1.97%   135  155s
  3519  2546 1032.31187   22  174 1048.83595 1028.16380  1.97%   139  160s
  3609  2600 1033.12377   24  174 1048.83595 1028.16380  1.97%   140  165s
  3710  2647     cutoff   26      1048.83595 1028.16380  1.97%   143  174s
  3735  2661 1035.45209   27  160 1048.83595 1028.16380  1.97%   144  184s
H 3740  2539                    1046.0237944 1028.16380  1.71%   144  184s
  3759  2599 1036.38396   28  100 1046.02379 1028.16380  1.71%   145  186s
  3994  2729 1039.74355   31   93 1046.02379 1028.16380  1.71%   147  191s
  4293  2880     cutoff   36      1046.02379 1028.16380  1.71%   149  196s
  4652  3002     cutoff   44      1046.02379 1028.16380  1.71%   148  200s
  5067  3138 1039.43682   54   56 1046.02379 1028.16380  1.71%   146  205s
  5532  3297 1039.63228   68   50 1046.02379 1028.16380  1.71%   148  211s
  5847  3430 1039.87105   76   63 1046.02379 1028.16380  1.71%   149  216s
  6198  3575 1039.96099   91   60 1046.02379 1028.16380  1.71%   151  220s
  6603  3793 1041.16548  103   66 1046.02379 1028.16380  1.71%   150  225s
  7044  3993     cutoff  114      1046.02379 1028.16380  1.71%   149  230s
  7509  4172 1031.20475   22  114 1046.02379 1028.34629  1.69%   150  236s
  7957  4358 1032.62351   34  139 1046.02379 1028.34629  1.69%   153  243s
  8189  4495 1032.73649   44   80 1046.02379 1028.34629  1.69%   154  247s
  8501  4597 1032.81793   51   98 1046.02379 1028.34629  1.69%   155  250s
  8914  4752 1032.93220   67  103 1046.02379 1028.34629  1.69%   157  257s
  9144  4973 1032.98515   78  102 1046.02379 1028.34629  1.69%   159  262s
  9494  5059 1035.66933   89   85 1046.02379 1028.34629  1.69%   159  266s
 10155  5413 1034.21257   22   95 1046.02379 1029.32162  1.60%   159  273s
 10495  5830 1035.04710   57   60 1046.02379 1029.32162  1.60%   160  277s
 10991  6020 1035.53659   91   70 1046.02379 1029.32162  1.60%   158  281s
 11269  6430 1035.75174   96   71 1046.02379 1029.32162  1.60%   158  286s
 11775  6663 1035.89765  108   60 1046.02379 1029.32162  1.60%   157  295s
 12593  7146 1036.30764  116  188 1046.02379 1029.32162  1.60%   158  304s
 13013  7400 1037.19951  128  168 1046.02379 1029.32162  1.60%   158  309s
 13453  7658 1037.50486  135   97 1046.02379 1029.32162  1.60%   159  315s
 13853  8074 1037.80028  142  135 1046.02379 1029.32162  1.60%   160  320s
 14497  8399 1039.41074  167   61 1046.02379 1029.32162  1.60%   159  326s
 14897  8818 1041.37028  183  176 1046.02379 1030.50825  1.48%   160  333s
 15470  9160 1035.02789   26   57 1046.02379 1030.50825  1.48%   160  339s
 15880  9716 1036.61079   70   67 1046.02379 1030.50825  1.48%   161  346s
 16571 10311 1039.13810   93  136 1046.02379 1030.67892  1.47%   161  354s
 17353 10425 1034.01752   42   97 1046.02379 1030.67892  1.47%   161  359s
 17506 11057 1034.25472   47   98 1046.02379 1030.67892  1.47%   161  366s
 18304 11787 1038.26935   94   79 1046.02379 1030.67892  1.47%   159  373s
 19259 12456 1040.28047  133   82 1046.02379 1030.69526  1.47%   159  381s
 20183 13091 1034.53326   42   67 1046.02379 1030.69526  1.47%   159  388s
 21183 13754 1034.73704   41   98 1046.02379 1030.70848  1.46%   159  395s
 22097 14704 1041.48536   44   52 1046.02379 1030.70954  1.46%   158  404s
 23360 15478 1043.57739   62   50 1046.02379 1030.73878  1.46%   156  412s
 24322 16210 1040.02669  100   52 1046.02379 1030.80550  1.45%   154  422s
 25342 16211 1040.71734   60  163 1046.02379 1030.82705  1.45%   155  458s
 25344 16212 1041.75500  109  148 1046.02379 1030.82705  1.45%   155  465s
 25346 16214 1034.89846   60  210 1046.02379 1030.82705  1.45%   155  470s
 25358 16222 1040.66792   68  185 1046.02379 1030.82705  1.45%   154  476s
 25364 16226 1044.66799   40  171 1046.02379 1030.82705  1.45%   154  480s
 25366 16227 1040.06778   96  161 1046.02379 1030.82705  1.45%   154  486s
 25367 16228 1035.46219   23  161 1046.02379 1030.82705  1.45%   154  491s
 25368 16231 1030.82705   27  185 1046.02379 1030.82705  1.45%   156  495s
H25369 15419                    1046.0237938 1030.82705  1.45%   156  495s
 25422 15465 1030.82705   32  182 1046.02379 1030.82705  1.45%   156  501s
 25519 15519 1031.41202   34  117 1046.02379 1030.82705  1.45%   157  505s
 25602 15567 1034.24185   36   97 1046.02379 1030.82705  1.45%   157  510s
 25712 15628 1032.70352   38  126 1046.02379 1030.82705  1.45%   158  516s
 25818 15675 1031.90443   40  102 1046.02379 1030.82705  1.45%   158  520s
 25993 15730     cutoff   47      1046.02379 1030.82705  1.45%   159  526s
 26156 15799 1035.03763   52  139 1046.02379 1030.82705  1.45%   159  531s
 26241 15832 1035.05252   53  111 1046.02379 1030.82705  1.45%   159  536s
 26445 15918 1032.26141   55  142 1046.02379 1030.82705  1.45%   160  541s
 26528 15912 1032.26141   56  173 1046.02379 1030.82705  1.45%   160  549s
 26556 15971 1035.46032   56  145 1046.02379 1030.82705  1.45%   160  551s
 26777 16045 1034.66189   58   90 1046.02379 1030.82705  1.45%   160  556s
 26951 16137 1035.06364   61  115 1046.02379 1030.82705  1.45%   160  561s
 27153 16261 1035.63045   64  120 1046.02379 1030.82705  1.45%   161  566s
 27415 16393 1038.90263   67  123 1046.02379 1030.82705  1.45%   161  571s
 27761 16537 1032.85848   70  121 1046.02379 1030.82705  1.45%   162  577s
 27933 16634 1032.85883   72  109 1046.02379 1030.82705  1.45%   162  580s
 28351 16844 1037.82666   75  103 1046.02379 1030.82705  1.45%   162  586s
 28864 17068 1033.13927   79  103 1046.02379 1030.82705  1.45%   161  592s
 29139 17192 1034.93541   82  109 1046.02379 1030.82705  1.45%   161  595s
 29783 17463 1034.04390   89  105 1046.02379 1030.82705  1.45%   161  601s
 30159 17665 1034.04390   91   93 1046.02379 1030.82705  1.45%   160  605s
 30939 18033 1034.30757  100  109 1046.02379 1030.82705  1.45%   160  612s
 31387 18241 1034.49438  106   86 1046.02379 1030.82705  1.45%   159  616s
 32302 18548 1035.58923  114   89 1046.02379 1030.82705  1.45%   159  623s
 32708 18868 1035.72109  118  106 1046.02379 1030.82705  1.45%   159  627s
 33296 19107 1036.14107  125  106 1046.02379 1030.82705  1.45%   159  631s
 33932 19387 1036.34757  128  100 1046.02379 1030.82705  1.45%   159  636s
 34594 19582 1036.36052  131  117 1046.02379 1030.82705  1.45%   158  641s
 35190 19803 1036.49921  135  111 1046.02379 1030.82705  1.45%   158  645s
 35807 20248 1037.05639  140   77 1046.02379 1030.82705  1.45%   158  650s
 36685 20493 1037.22731  150   79 1046.02379 1030.82705  1.45%   157  655s
 37446 20930 1037.33046  159   80 1046.02379 1030.82705  1.45%   156  660s
 38372 21132 1037.48985  168   94 1046.02379 1030.82705  1.45%   155  666s
 39121 21174 1037.55247  173   86 1046.02379 1030.82705  1.45%   154  670s
 39556 21596 1042.36286  175   65 1046.02379 1030.82705  1.45%   154  675s
 40307 21478 1037.62715  186   93 1046.02379 1030.82705  1.45%   153  688s
 40479 22022 1042.46545  195   60 1046.02379 1030.82705  1.45%   153  694s
 41203 22444 1038.01434  208   70 1046.02379 1030.82705  1.45%   153  701s
 42002 23069 1038.31740  216   71 1046.02379 1030.82705  1.45%   152  708s
 43166 23597 1038.31740  222   67 1046.02379 1030.82705  1.45%   151  715s
 44315 23814 1038.71902  230   86 1046.02379 1030.82705  1.45%   150  721s
 45279 24331 1038.89083  246   68 1046.02379 1030.82705  1.45%   150  728s
 46448 25001 1038.93768  263   63 1046.02379 1030.82705  1.45%   149  736s
 47953 25448     cutoff  272      1046.02379 1030.82705  1.45%   147  744s
 49252 25847     cutoff  286      1046.02379 1030.82705  1.45%   146  751s
 50462 26539     cutoff  301      1046.02379 1030.82705  1.45%   145  763s
 51988 26653     cutoff  326      1046.02379 1030.82705  1.45%   146  770s
 53024 27194     cutoff  341      1046.02379 1030.82705  1.45%   146  778s
 54508 27487 infeasible  360      1046.02379 1030.82705  1.45%   146  785s
 55861 27894 1040.47764  367   81 1046.02379 1030.82705  1.45%   145  792s
 57037 28632 1039.88582  376   68 1046.02379 1030.82705  1.45%   145  800s
 58555 28984 1039.96686  390   68 1046.02379 1030.82705  1.45%   145  808s
 59794 28616     cutoff  408      1046.02379 1030.82705  1.45%   144  843s
 59901 29601 1041.70252  415   97 1046.02379 1030.82705  1.45%   144  852s
 61319 30323 1042.50562  437   78 1046.02379 1030.82705  1.45%   144  861s
 62833 31316 1040.89799  464   67 1046.02379 1030.82705  1.45%   143  872s
 64900 31967 1032.14463   70  184 1046.02379 1030.82705  1.45%   142  882s
 66489 32389 1034.22596  106  147 1046.02379 1030.82705  1.45%   142  893s
 67787 32915 1035.84398  141   90 1046.02379 1030.82705  1.45%   143  903s
 69310 33613 1037.51162  175  158 1046.02379 1030.82705  1.45%   143  915s
 70889 34421 1038.65646  210  184 1046.02379 1030.82705  1.45%   143  927s
 72627 35721 1039.84478  251  203 1046.02379 1030.82705  1.45%   143  941s
 74678 37628 1040.76908  293  226 1046.02379 1030.82705  1.45%   142  955s
 77074 37629 1038.48686   90  163 1046.02379 1030.82705  1.45%   141  981s
 77076 37630 1041.30098  139  158 1046.02379 1030.82705  1.45%   141  986s
 77077 37631 1038.61789   96  163 1046.02379 1030.82705  1.45%   141  990s
 77084 37636 1038.53116   94  181 1046.02379 1030.82705  1.45%   141  995s
 77092 37641 1042.75586   46  173 1046.02379 1030.82705  1.45%   141 1000s
 77096 37644 1041.17569  182  175 1046.02379 1030.82705  1.45%   141 1007s
 77097 37644 1038.67084   74  175 1046.02379 1030.82705  1.45%   141 1012s
 77098 37648 1030.82705   40  156 1046.02379 1030.82705  1.45%   142 1016s
 77124 37678 1030.82705   44  189 1046.02379 1030.82705  1.45%   142 1021s
 77220 37724 1031.43036   46  197 1046.02379 1030.82705  1.45%   142 1025s
 77366 37799 1034.92288   49  132 1046.02379 1030.82705  1.45%   142 1030s
 77479 37863 1034.88658   51  112 1046.02379 1030.82705  1.45%   142 1035s
 77604 37921 1035.82972   54  194 1046.02379 1030.82705  1.45%   142 1041s
 77728 37984 1035.84986   58  172 1046.02379 1030.82705  1.45%   143 1046s
 77849 38030 1039.12339   60  129 1046.02379 1030.82705  1.45%   143 1051s
 78017 38108 1036.60180   63  120 1046.02379 1030.82705  1.45%   143 1056s
 78169 38191 1036.64533   66  106 1046.02379 1030.82705  1.45%   143 1060s
 78462 38270 1037.11054   76   79 1046.02379 1030.82705  1.45%   143 1066s
 78573 38348 infeasible   80      1046.02379 1030.82705  1.45%   143 1071s
 78776 38429 infeasible   89      1046.02379 1030.82705  1.45%   143 1076s
 78998 38512 1039.96939   98  109 1046.02379 1030.82705  1.45%   144 1081s
 79221 38597 1040.08725  104  104 1046.02379 1030.82705  1.45%   144 1086s
 79342 38572     cutoff  109      1046.02379 1030.82705  1.45%   144 1094s
H79366 36681                    1046.0237933 1030.82705  1.45%   144 1094s
 79370 36754     cutoff  110      1046.02379 1030.82705  1.45%   144 1097s
 79485 36812 1040.37384  117  107 1046.02379 1030.82705  1.45%   144 1100s
 79744 36890 1040.99379  132  103 1046.02379 1030.82705  1.45%   144 1106s
 79856 36964 1043.16643  140  115 1046.02379 1030.82705  1.45%   144 1110s
 80163 37124 1038.61134   56  151 1046.02379 1030.82705  1.45%   145 1117s
 80384 37156 1030.82705   50  197 1046.02379 1030.82705  1.45%   145 1121s
 80731 37303 1030.98084   62  110 1046.02379 1030.82705  1.45%   145 1128s
 80919 37362 1031.15524   72  122 1046.02379 1030.82705  1.45%   145 1133s
 81077 37482 1031.18139   74  160 1046.02379 1030.82705  1.45%   146 1137s
 81268 37596 1031.18345   84  110 1046.02379 1030.82705  1.45%   146 1142s
 81503 37687 1031.26510   96  138 1046.02379 1030.82705  1.45%   146 1146s
 81744 37792 1031.27578  100  211 1046.02379 1030.82705  1.45%   146 1151s
 81975 37906 1031.28703  105  179 1046.02379 1030.82705  1.45%   146 1156s
 82193 38166 1031.29116  108  165 1046.02379 1030.82705  1.45%   146 1161s
 82585 38333 1031.31080  118  200 1046.02379 1030.82705  1.45%   146 1167s
 82951 38500 1031.32107  126  240 1046.02379 1030.82705  1.45%   146 1172s
 83332 38628 1031.33914  135  213 1046.02379 1030.82705  1.45%   146 1178s
 83662 38881 1031.36115  151  202 1046.02379 1030.82705  1.45%   147 1183s
 84131 39014 1031.38818  165  205 1046.02379 1030.82705  1.45%   147 1190s
 84556 39160 1031.42195  172  257 1046.02379 1030.82705  1.45%   147 1197s
 84951 39334 1031.44872  183  206 1046.02379 1030.82705  1.45%   147 1203s
 85313 39459 1031.47720  205  188 1046.02379 1030.82705  1.45%   148 1210s
 85600 39754 1031.49629  217  220 1046.02379 1030.82705  1.45%   148 1218s
 86083 40006 1031.51918  229  209 1046.02379 1030.82705  1.45%   149 1226s
 86574 40272 1031.55060  253  212 1046.02379 1030.82705  1.45%   149 1233s
 87085 40399 1031.56255  263  110 1046.02379 1030.82705  1.45%   149 1241s
 87489 40410 1031.57978  274  185 1046.02379 1030.82705  1.45%   150 1256s
 87691 40430 1031.58702  282  120 1046.02379 1030.82705  1.45%   150 1287s
 87817 40760 1031.58960  285  122 1046.02379 1030.82705  1.45%   150 1295s
 88345 41138 1031.60791  294  241 1046.02379 1030.82705  1.45%   151 1305s
 89116 41411 1031.62713  311  257 1046.02379 1030.82705  1.45%   151 1315s
 89856 41765 1031.64081  331  252 1046.02379 1030.82705  1.45%   151 1326s
 90632 42108 1031.66712  354  299 1046.02379 1030.82705  1.45%   152 1335s
 91452 42638 1031.67697  367  195 1046.02379 1030.82705  1.45%   152 1346s
 92443 43266 1031.69590  383  221 1046.02379 1030.82705  1.45%   152 1357s
 93703 43171 1031.71590  399  211 1046.02379 1030.82705  1.45%   152 1365s
 94102 43799 1031.72504  409  145 1046.02379 1030.82705  1.45%   152 1376s
 95280 44039 1031.74588  424  222 1046.02379 1030.82705  1.45%   153 1387s
 96234 44434 1031.96777  435  221 1046.02379 1030.82705  1.45%   153 1398s
 97159 45383 1032.09818  452  238 1046.02379 1030.82705  1.45%   154 1410s
 98781 46036 1032.21046   68  127 1046.02379 1030.82705  1.45%   153 1423s
 100385 46523 1037.64504   78   50 1046.02379 1030.82705  1.45%   153 1434s
 101705 46766 1044.32671  152  124 1046.02379 1030.82705  1.45%   153 1446s
 102692 46438 1041.35329  338  163 1046.02379 1030.82705  1.45%   154 1525s
 102694 46439 1031.97617   95  163 1046.02379 1030.82705  1.45%   154 1530s
 102698 46442 1044.38514  288  174 1046.02379 1030.82705  1.45%   154 1535s
 102703 46445 1043.95385  100  183 1046.02379 1030.82705  1.45%   154 1543s
 102706 46447 1039.52234  101  181 1046.02379 1030.82705  1.45%   154 1545s
 102715 46453 1037.23348  355  214 1046.02379 1030.82705  1.45%   154 1550s
 102722 46458 1038.10560  111  251 1046.02379 1030.82705  1.45%   154 1555s
 102730 46463 1034.67567  108  234 1046.02379 1030.82705  1.45%   154 1560s
 102739 46469 1041.18590  148  247 1046.02379 1030.82705  1.45%   154 1565s
 102752 46478 1034.29571   78  268 1046.02379 1030.82705  1.45%   154 1571s
 102757 46481 1034.62643   58  268 1046.02379 1030.82705  1.45%   154 1575s
 102761 46484 1040.54884   72  272 1046.02379 1030.82705  1.45%   154 1581s
 102762 46485 1040.59039  139  257 1046.02379 1030.82705  1.45%   154 1588s
 102763 46485 1034.42768  112  257 1046.02379 1030.82705  1.45%   154 1593s
 102764 46489 1030.99701   49  232 1046.02379 1030.82705  1.45%   154 1597s
 102778 46510 1032.96382   52  210 1046.02379 1031.61696  1.38%   154 1600s
 102842 46550 1034.79732   54  235 1046.02379 1031.63480  1.38%   155 1605s
 102999 46614 1038.26698   58  206 1046.02379 1031.75164  1.36%   155 1610s
 103156 46651 1038.81457   62  195 1046.02379 1031.75164  1.36%   155 1615s
 103307 46689 1040.04833   66  153 1046.02379 1031.75164  1.36%   155 1625s
 103470 46743 1043.02108   69  121 1046.02379 1031.75164  1.36%   155 1630s
 103674 46784 1043.54940   72  106 1046.02379 1031.75164  1.36%   155 1635s
 103803 46785 1041.89775   74  133 1046.02379 1031.75164  1.36%   155 1644s
 103828 46818 1040.36726   75  150 1046.02379 1031.75164  1.36%   155 1646s
 104095 46860 1040.39989   78  165 1046.02379 1031.75164  1.36%   155 1651s
 104202 46876 1040.42830   80  189 1046.02379 1031.75164  1.36%   155 1658s
 104294 46917 1040.43233   81  187 1046.02379 1031.75164  1.36%   155 1661s
 104571 46960 1044.80941   83  169 1046.02379 1031.75164  1.36%   155 1665s
 104871 47043 1040.61346   86  199 1046.02379 1031.75164  1.36%   155 1670s
 105282 47072 1042.76381   91  141 1046.02379 1031.75164  1.36%   155 1675s
 105885 47176 1045.06274  101  162 1046.02379 1031.75164  1.36%   155 1682s
 106140 47261 1041.36986  104  186 1046.02379 1031.75164  1.36%   155 1685s
 106694 47371     cutoff  113      1046.02379 1031.75164  1.36%   155 1691s
 107223 47509 1041.50589  121  194 1046.02379 1031.75164  1.36%   154 1697s
 107532 47579 1044.64494  125  136 1046.02379 1031.75164  1.36%   154 1700s
 108091 47757 1043.32937  144  159 1046.02379 1031.75164  1.36%   154 1707s
 108410 47876 infeasible  155      1046.02379 1031.77495  1.36%   154 1711s
 108770 48038 1032.83474   62  148 1046.02379 1031.77495  1.36%   154 1715s
 109534 48315 1041.66133   85  160 1046.02379 1031.77495  1.36%   154 1722s
 109910 48455 1041.74316   98  171 1046.02379 1031.77495  1.36%   154 1726s
 110284 48605 1041.87008  111  169 1046.02379 1031.77495  1.36%   154 1730s
 111172 49167 1043.19346  151  158 1046.02379 1032.06803  1.33%   154 1739s
 111867 49478 1033.66790   56  129 1046.02379 1032.06803  1.33%   154 1744s
 112563 49618 1038.60943   81   76 1046.02379 1032.06803  1.33%   154 1749s
 113057 49516 1039.59040  112   84 1046.02379 1032.06803  1.33%   154 1755s
 113147 50034 1039.59519  113  103 1046.02379 1032.06803  1.33%   154 1761s
 113830 50198 1039.96539  154  114 1046.02379 1032.06803  1.33%   153 1766s
 114337 50606 1040.23226  188   97 1046.02379 1032.06803  1.33%   153 1772s
 115130 50816 1037.63160   95  112 1046.02379 1032.06841  1.33%   153 1777s
 115911 51039 1042.01709  149   96 1046.02379 1032.25381  1.32%   153 1783s
 116560 51518 1038.18174   82  127 1046.02379 1032.25381  1.32%   153 1789s
 117557 51774 1040.61967  145  131 1046.02379 1032.34174  1.31%   153 1795s
 118326 52078 1036.56780   68   70 1046.02379 1032.39749  1.30%   153 1802s
 119180 52464 1037.12660   62  132 1046.02379 1032.41408  1.30%   153 1808s
 120138 52728 1034.72535   68   76 1046.02379 1032.48065  1.29%   153 1815s
 120996 53414 1034.51661   85  154 1046.02379 1032.48065  1.29%   153 1822s
 122235 53668 1035.61960  144  117 1046.02379 1032.48065  1.29%   152 1830s
 122994 54502 1036.95434  173  102 1046.02379 1032.48065  1.29%   152 1837s
 124203 55195 1037.83233  218   92 1046.02379 1032.53916  1.29%   151 1845s
 125490 55976 1033.95233   67  177 1046.02379 1032.57237  1.29%   151 1853s
 126990 56389 1034.93573   78  103 1046.02379 1032.57237  1.29%   150 1861s
 128204 55985 1038.15548   71  163 1046.02379 1032.57237  1.29%   150 1893s
 128206 55986 1040.63183   78  147 1046.02379 1032.57237  1.29%   150 1897s
 128209 55988 1037.32833  129  221 1046.02379 1032.57237  1.29%   150 1900s
 128223 55998 1043.62471  184  281 1046.02379 1032.57237  1.29%   150 1906s
 128230 56002 1036.26460  252  262 1046.02379 1032.57237  1.29%   150 1910s
 128234 56005 1040.79444  139  272 1046.02379 1032.57237  1.29%   150 1915s
 128238 56008 1035.00490   81  263 1046.02379 1032.57237  1.29%   150 1922s
 128239 56008 1034.91218   77  263 1046.02379 1032.57237  1.29%   150 1925s
 128246 56020 1032.57237   64  226 1046.02379 1032.57237  1.29%   150 1930s
 128340 56095 1032.57237   68  198 1046.02379 1032.57237  1.29%   150 1935s
 128541 56187 1040.33052   71   88 1046.02379 1032.57237  1.29%   150 1940s
 128608 56204 1040.57118   72  107 1046.02379 1032.63539  1.28%   150 1945s
 128874 56314 1037.40663   77  133 1046.02379 1032.63539  1.28%   150 1950s
 129102 56385 1037.51852   80   80 1046.02379 1032.63539  1.28%   150 1955s
 129443 56514 1038.54668   85   62 1046.02379 1032.63539  1.28%   150 1960s
 129752 56551 1045.40798   93   58 1046.02379 1032.63539  1.28%   150 1965s
 130089 56577 1035.59339   71  164 1046.02379 1032.73908  1.27%   150 1971s
 130264 56624 1036.09909   74  148 1046.02379 1032.73908  1.27%   150 1975s
 130705 56682 1036.93889   94  121 1046.02379 1032.73908  1.27%   150 1980s
 131121 56806     cutoff  109      1046.02379 1032.77947  1.27%   150 1986s
 131492 56945 1035.76076   78  130 1046.02379 1032.77947  1.27%   150 1990s
 131863 57074 1036.36143   90  135 1046.02379 1032.77947  1.27%   150 1995s
 132530 57351     cutoff  128      1046.02379 1032.89945  1.25%   150 2002s
 133019 57535 1039.02951   74  178 1046.02379 1032.89945  1.25%   150 2007s
 133315 57695 1039.36950   76  201 1046.02379 1032.89945  1.25%   150 2010s
 133984 57938 1042.69351   83  210 1046.02379 1033.51088  1.20%   150 2016s
 134341 58094 1042.56280   74   69 1046.02379 1033.51088  1.20%   150 2020s
 135120 58405 1037.15914   92   95 1046.02379 1033.80084  1.17%   149 2026s
 135522 58578 1038.41843   76  107 1046.02379 1033.85782  1.16%   149 2030s
 136608 58910 1042.93433   94  143 1046.02379 1033.86309  1.16%   149 2039s
 137103 59065 1042.19263   89  116 1046.02379 1033.96051  1.15%   149 2043s
 137763 59240 1035.50258   82  147 1046.02379 1034.07319  1.14%   149 2047s
 138452 59513 1041.32520   94  169 1046.02379 1034.21517  1.13%   149 2051s
 139180 59714 1042.51824   85  109 1046.02379 1034.27512  1.12%   148 2055s
 139821 60080 1039.03612  114   92 1046.02379 1034.27512  1.12%   148 2060s
 141335 60562 1044.14022  193  135 1046.02379 1034.31669  1.12%   148 2069s
 142177 60811 1038.56923   85  119 1046.02379 1034.39416  1.11%   147 2073s
 142985 61123 1044.24696  105   94 1046.02379 1034.52421  1.10%   147 2078s
 143827 61371 1037.27196   87  192 1046.02379 1034.52421  1.10%   147 2083s
 144651 61840 1038.39055  106  202 1046.02379 1034.52421  1.10%   147 2089s
 145627 62190 1040.17998  119  217 1046.02379 1034.52421  1.10%   147 2094s
 146766 62496 1041.43530  137  204 1046.02379 1034.52421  1.10%   146 2099s
 147929 62819 1042.67903  163  147 1046.02379 1034.83244  1.07%   146 2104s
 148951 63133 1039.80132  106  102 1046.02379 1034.97067  1.06%   145 2110s
 150013 63535 1037.27704  125  161 1046.02379 1035.03573  1.05%   145 2116s
 151275 63829 1038.09439  146  157 1046.02379 1035.03573  1.05%   145 2121s
 152604 63916 1041.99010  188  160 1046.02379 1035.03583  1.05%   145 2127s
 154056 64126     cutoff  100      1046.02379 1035.09782  1.04%   144 2137s
 155530 64338     cutoff  142      1046.02379 1035.20519  1.03%   144 2143s
 156678 64916 1039.23660   86  164 1046.02379 1035.24141  1.03%   144 2149s
 158159 65161 1040.37140  111  119 1046.02379 1035.28042  1.03%   143 2155s
 159449 65517 1042.15157  125  121 1046.02379 1035.33587  1.02%   143 2160s
 160694 65868 1041.81054  108  157 1046.02379 1035.40565  1.02%   143 2167s
 162022 65967 1037.67682  116  147 1046.02379 1035.41335  1.01%   143 2173s
 163276 66379 1039.06677  133  107 1046.02379 1035.41335  1.01%   143 2180s
 164570 67302 1041.72351  174   75 1046.02379 1035.53615  1.00%   142 2187s
 166314 67755 1038.09658  114   95 1046.02379 1035.57098  1.00%   142 2195s
 167943 68597 1041.34515  140   99 1046.02379 1035.61270  1.00%   142 2203s
 169939 69108 1039.48132  111  100 1046.02379 1035.64227  0.99%   141 2211s
 171705 69779 1042.65909   90  121 1046.02379 1035.68859  0.99%   141 2219s
 173547 70326 1043.81308  122  142 1046.02379 1035.69153  0.99%   140 2227s
 175316 70783 1043.50612  122   53 1046.02379 1035.75705  0.98%   140 2236s
 177028 71587 1042.57050  120  116 1046.02379 1035.81151  0.98%   140 2245s
 179102 71806 1043.05900  103  107 1046.02379 1035.85482  0.97%   139 2262s
 180285 74771 1037.98004   89  128 1046.02379 1035.85861  0.97%   139 2287s
 185283 74866 1039.49590  129  143 1046.02379 1035.94082  0.96%   139 2301s
 188565 75729     cutoff  136      1046.02379 1035.96799  0.96%   138 2315s
 191756 75663 1043.54789  147  122 1046.02379 1036.01801  0.96%   138 2326s
 193695 76200 1044.79663  127  123 1046.02379 1036.05096  0.95%   138 2338s
 196022 77073 1039.02851  141  159 1046.02379 1036.05096  0.95%   138 2351s
 198573 77745     cutoff  158      1046.02379 1036.05096  0.95%   138 2363s
 201091 78163 1040.59104  184  224 1046.02379 1036.13145  0.95%   138 2376s
 203714 79151 1043.87978   98   66 1046.02379 1036.33838  0.93%   138 2388s
 206456 80181 1041.77349   85  115 1046.02379 1036.35098  0.92%   137 2404s
 209721 80228 1040.43633  134  110 1046.02379 1036.42721  0.92%   137 2415s
 211870 80732 1039.01490  126  115 1046.02379 1036.48624  0.91%   137 2426s
 214111 81280 1040.78556  149  121 1046.02379 1036.48624  0.91%   137 2437s
 216493 81659 1041.72418  173  116 1046.02379 1036.48624  0.91%   137 2447s
 218731 82311     cutoff  220      1046.02379 1036.57341  0.90%   137 2459s
 221328 82921 1044.61666  108  132 1046.02379 1036.67606  0.89%   137 2470s
 224094 82711     cutoff   89      1046.02379 1036.73797  0.89%   136 2482s
 225512 84150 1044.71713  123   91 1046.02379 1036.78416  0.88%   136 2494s
 228677 84439 1043.70545  150  174 1046.02379 1036.87667  0.87%   136 2505s
 231291 85221 1042.56274  104  114 1046.02379 1036.89588  0.87%   136 2516s
 234047 85834 1045.62554   99   80 1046.02379 1036.95462  0.87%   135 2532s
 236811 86414 1043.33540  101  115 1046.02379 1037.02905  0.86%   135 2543s
 239567 86898 1044.11131  126  125 1046.02379 1037.05275  0.86%   135 2554s
 242249 87621 1039.59076  140  147 1046.02379 1037.14012  0.85%   135 2566s
 245010 86748 1040.93712  120  107 1046.02379 1037.17459  0.85%   135 2578s
 245081 87883 1041.17966  127  118 1046.02379 1037.17748  0.85%   135 2589s
 247690 88335 1041.32399  115  112 1046.02379 1037.21432  0.84%   135 2600s
H249748 84848                    1046.0237931 1037.24822  0.84%   134 2600s
 250445 85774     cutoff  125      1046.02379 1037.26941  0.84%   134 2611s
 253033 86293 1041.78225  103  106 1046.02379 1037.27356  0.84%   134 2622s
 255597 86707 1040.63901  180  111 1046.02379 1037.30762  0.83%   134 2633s
 258040 87343     cutoff  131      1046.02379 1037.38692  0.83%   134 2643s
 260575 88386 1045.82906   75  132 1046.02379 1037.41744  0.82%   134 2659s
 263891 88750 1038.73984  120  115 1046.02379 1037.48566  0.82%   133 2669s
 266204 89397 1042.97475  182  153 1046.02379 1037.51988  0.81%   133 2680s
 268694 89949 1043.11182  158   96 1046.02379 1037.53420  0.81%   133 2691s
 271537 90331     cutoff   77      1046.02379 1037.59513  0.81%   133 2702s
 274296 90648 1044.49017   80   50 1046.02379 1037.62607  0.80%   133 2712s
 276797 91151 1043.13645  115   92 1046.02379 1037.66876  0.80%   133 2723s
 279494 91730 1042.59294  103  111 1046.02379 1037.69992  0.80%   132 2734s
 282131 92068 1044.70990   99   97 1046.02379 1037.73647  0.79%   132 2745s
 284860 92365     cutoff  127      1046.02379 1037.77751  0.79%   132 2756s
 287159 93174 1042.41237  120  126 1046.02379 1037.81137  0.79%   132 2771s
 290482 94005 1044.48439  140   95 1046.02379 1037.83368  0.78%   132 2781s
 293375 95036 1038.35964  126  101 1046.02379 1037.89353  0.78%   132 2792s
 295994 96071 1042.61855   95   77 1046.02379 1037.89616  0.78%   132 2802s
 298288 97389 1041.02875   88  218 1046.02379 1037.91960  0.77%   132 2813s
 300904 98243 1040.28700  104  122 1046.02379 1037.93815  0.77%   131 2824s
 303483 99368 1043.04505  108  101 1046.02379 1037.97787  0.77%   131 2834s
 306085 100488 1041.55324   99  158 1046.02379 1038.01541  0.77%   131 2845s
 308655 101811 1044.48078  107  107 1046.02379 1038.05618  0.76%   131 2856s
 311385 102804 1044.08354   92  114 1046.02379 1038.09755  0.76%   131 2868s
 314103 104578     cutoff  114      1046.02379 1038.11564  0.76%   131 2883s
 317254 105861 1042.07530   93  182 1046.02379 1038.15976  0.75%   131 2894s
 320150 107100 1042.48051  178  120 1046.02379 1038.17784  0.75%   131 2904s
 323149 108453 1043.26531  135   94 1046.02379 1038.22602  0.75%   130 2915s
 325991 109843 1046.01568  120   97 1046.02379 1038.26829  0.74%   130 2927s
 329064 111072 1044.66567   81  169 1046.02379 1038.29688  0.74%   130 2938s
 332017 112071 1043.88991  103   64 1046.02379 1038.33488  0.74%   130 2949s
 334535 113280 1041.44951   88  177 1046.02379 1038.36018  0.73%   130 2960s
 337472 114343 1044.71575   72  177 1046.02379 1038.38873  0.73%   130 2971s
 340317 115246 1043.97454  116  121 1046.02379 1038.43070  0.73%   130 2986s
 343367 116580 1040.63213   99  128 1046.02379 1038.46926  0.72%   130 2999s
 346580 117742 1041.28687   96  169 1046.02379 1038.50268  0.72%   129 3012s
 350371 118900 1044.45221  145  124 1046.02379 1038.53770  0.72%   129 3023s
 353010 120224 1045.41518  112   75 1046.02379 1038.56531  0.71%   129 3036s
 356226 121792 1039.74785   69  145 1046.02379 1038.59659  0.71%   129 3047s
 359297 123081 1043.37068  112   61 1046.02379 1038.61825  0.71%   129 3059s
 362422 124203 1041.79997   88   85 1046.02379 1038.65401  0.70%   129 3071s
 365546 125719     cutoff  152      1046.02379 1038.67263  0.70%   128 3090s
 368562 127813 1042.97640  100  129 1046.02379 1038.71144  0.70%   128 3106s
 373075 129064     cutoff  123      1046.02379 1038.73435  0.70%   128 3119s
 376476 130203 1041.15202  168  125 1046.02379 1038.78104  0.69%   128 3131s
 379436 131554 1039.73134   90   57 1046.02379 1038.80366  0.69%   128 3143s
 382671 132743 1042.60141  108   93 1046.02379 1038.82365  0.69%   128 3155s
 385486 134106 1042.39187  131  144 1046.02379 1038.86251  0.68%   128 3168s
 388719 135248     cutoff  104      1046.02379 1038.88154  0.68%   128 3179s
 391707 136699     cutoff  100      1046.02379 1038.91853  0.68%   127 3195s
 395367 137871 1043.01869  138  180 1046.02379 1038.96159  0.68%   127 3208s
 398562 138927 1043.47571  115  132 1046.02379 1038.99239  0.67%   127 3220s
 401319 139969 1040.82423   80  140 1046.02379 1039.01146  0.67%   127 3233s
 404319 141145 1039.63197  106  171 1046.02379 1039.04769  0.67%   127 3246s
 407482 142208 1044.64847  209  128 1046.02379 1039.06597  0.67%   127 3257s
 410235 143313     cutoff  133      1046.02379 1039.11445  0.66%   127 3271s
 413639 144437     cutoff   90      1046.02379 1039.14247  0.66%   127 3283s
 416728 145660     cutoff   91      1046.02379 1039.17266  0.65%   127 3299s
 419991 147065     cutoff  106      1046.02379 1039.20459  0.65%   127 3313s
 423229 148240     cutoff   92      1046.02379 1039.21941  0.65%   127 3326s
 426561 149140 1045.31575   83  141 1046.02379 1039.26289  0.65%   127 3343s
 428839 150385 1042.44712  168  132 1046.02379 1039.27821  0.64%   127 3357s
 432235 151740 1044.32985  156  154 1046.02379 1039.31565  0.64%   127 3371s
 435617 152816     cutoff   99      1046.02379 1039.33883  0.64%   127 3385s
 438655 153811 1043.29443   73  171 1046.02379 1039.37004  0.64%   127 3399s
 441955 155268 1043.07225  143   89 1046.02379 1039.42408  0.63%   127 3417s
 445563 156544 1043.27819  107   77 1046.02379 1039.44984  0.63%   127 3430s
 448835 157399 1042.02519  103  111 1046.02379 1039.46825  0.63%   127 3443s
 452189 157919 1044.10284  128   98 1046.02379 1039.51406  0.62%   127 3455s
 454079 159030     cutoff  131      1046.02379 1039.52002  0.62%   127 3470s
 457508 159876 1044.85739  129   57 1046.02379 1039.55558  0.62%   127 3486s
 460950 161112 1042.83256  110  155 1046.02379 1039.58919  0.62%   127 3501s
 464593 162631 1041.34495   78  104 1046.02379 1039.62729  0.61%   127 3515s
 468259 163788 1044.53209  113  170 1046.02379 1039.65771  0.61%   127 3532s
 472034 164809 1043.55468   95   85 1046.02379 1039.69313  0.61%   127 3545s
 475406 166033 1041.47672   89   92 1046.02379 1039.72770  0.60%   127 3559s
 478865 166844 1042.22759   99   78 1046.02379 1039.74748  0.60%   127 3573s
 482045 167990     cutoff  102      1046.02379 1039.79036  0.60%   127 3587s
 485537 168897 1040.86007  152  180 1046.02379 1039.81655  0.59%   127 3601s
 488682 169880     cutoff  150      1046.02379 1039.84700  0.59%   127 3616s
 492400 171025 1042.57826  109  104 1046.02379 1039.87719  0.59%   127 3630s
 495963 172170 1045.47021  136  101 1046.02379 1039.91144  0.58%   127 3647s
 499879 173147     cutoff  108      1046.02379 1039.93956  0.58%   127 3662s
 503685 174320 1041.18540  102   90 1046.02379 1039.97334  0.58%   127 3676s
 507416 175160 1041.92033  102  130 1046.02379 1040.00265  0.58%   127 3690s
 510564 175980     cutoff   96      1046.02379 1040.02832  0.57%   127 3705s
 514176 176767 1043.22357   86   92 1046.02379 1040.06288  0.57%   127 3719s
 517676 177750 1044.95373   90   69 1046.02379 1040.08982  0.57%   127 3734s
 521271 178709     cutoff  176      1046.02379 1040.11839  0.56%   127 3751s
 525019 179714 1044.32943   94   82 1046.02379 1040.14846  0.56%   127 3767s
 528927 180651 1045.14275  108  198 1046.02379 1040.18263  0.56%   127 3781s
 532343 181683 1042.70559  105  147 1046.02379 1040.20769  0.56%   127 3796s
 536180 182571 1042.78542  132  178 1046.02379 1040.23771  0.55%   127 3810s
 539607 183209 1042.72797  120   90 1046.02379 1040.27161  0.55%   127 3825s
 541927 184263 1044.32240  140  126 1046.02379 1040.27685  0.55%   127 3842s
 546096 185296     cutoff  133      1046.02379 1040.31513  0.55%   127 3857s
 550247 185957 1042.34988  106  132 1046.02379 1040.34371  0.54%   127 3875s
 554009 186674 1045.77483  178   79 1046.02379 1040.37303  0.54%   127 3890s
 557773 187258 1040.81694  166  199 1046.02379 1040.40454  0.54%   127 3903s
 559990 187976     cutoff  122      1046.02379 1040.41650  0.54%   127 3919s
H561739 187976                    1046.0237927 1040.42391  0.54%   127 3919s
 563650 188959 1041.20067  131  115 1046.02379 1040.45082  0.53%   127 3935s
H565667 188959                    1046.0237924 1040.46054  0.53%   127 3935s
 567001 189702 1043.40527  115  107 1046.02379 1040.47753  0.53%   127 3952s
 571136 190405     cutoff   85      1046.02379 1040.51675  0.53%   127 3967s
 574903 191194     cutoff  106      1046.02379 1040.54566  0.52%   127 3983s
 578720 192023     cutoff   78      1046.02379 1040.57313  0.52%   127 4001s
 582574 192643     cutoff  110      1046.02379 1040.59946  0.52%   127 4016s
 586136 193322 1043.43071  124  209 1046.02379 1040.63076  0.52%   127 4030s
 590090 194089     cutoff  110      1046.02379 1040.66241  0.51%   127 4045s
 593754 194780     cutoff  102      1046.02379 1040.67451  0.51%   127 4059s
 597227 195385     cutoff   99      1046.02379 1040.71045  0.51%   127 4073s
 600536 195957     cutoff  167      1046.02379 1040.73907  0.51%   127 4088s
 604102 196743 1043.24317  109  169 1046.02379 1040.76484  0.50%   127 4105s
 607890 197411     cutoff  157      1046.02379 1040.79676  0.50%   127 4120s
 611696 197968 1045.06699  122   79 1046.02379 1040.82406  0.50%   127 4134s
 614957 198745     cutoff   82      1046.02379 1040.84972  0.49%   127 4149s
 618490 199470 1043.86288  128  146 1046.02379 1040.87393  0.49%   127 4164s
 622117 200075     cutoff  104      1046.02379 1040.89858  0.49%   127 4178s
 625785 200517 1043.29336  103   87 1046.02379 1040.93158  0.49%   127 4193s
 629339 200956     cutoff  125      1046.02379 1040.96417  0.48%   128 4210s
 633111 201643 1044.79677  126   91 1046.02379 1040.98270  0.48%   128 4225s
 636598 202413     cutoff  115      1046.02379 1041.01463  0.48%   128 4240s
 640780 202964     cutoff  158      1046.02379 1041.04542  0.48%   128 4265s
 644196 203596     cutoff  105      1046.02379 1041.06469  0.47%   127 4281s
 648607 204272     cutoff  127      1046.02379 1041.09571  0.47%   127 4297s
 652954 204858 1044.16426  220  151 1046.02379 1041.12054  0.47%   127 4312s
 656978 205430     cutoff  111      1046.02379 1041.15099  0.47%   127 4329s
 660594 205900 1045.19011  146   66 1046.02379 1041.17745  0.46%   127 4344s
 664627 206740     cutoff  214      1046.02379 1041.20338  0.46%   127 4358s
 668344 207308 1045.24583  156   72 1046.02379 1041.22366  0.46%   127 4372s
 672171 207822 1045.24649   83   37 1046.02379 1041.25019  0.46%   127 4386s
 675934 208215 1043.26192   89  114 1046.02379 1041.27913  0.45%   127 4400s
 679681 208600     cutoff  113      1046.02379 1041.29625  0.45%   127 4414s
 682885 209361 1045.40880  123  108 1046.02379 1041.31783  0.45%   127 4431s
 687017 209778 1045.30588  101  129 1046.02379 1041.34355  0.45%   127 4444s
 690287 210111     cutoff  124      1046.02379 1041.36280  0.45%   127 4458s
 693776 210571     cutoff  117      1046.02379 1041.39513  0.44%   127 4472s
 697619 211096     cutoff  108      1046.02379 1041.41880  0.44%   127 4486s
 701173 211441 1044.38076  132  135 1046.02379 1041.43842  0.44%   127 4500s
 704596 211803 1043.25338   88  162 1046.02379 1041.45980  0.44%   127 4514s
 708090 212308     cutoff  113      1046.02379 1041.47233  0.44%   127 4531s
 711982 212713 1043.38822  144  123 1046.02379 1041.50428  0.43%   127 4545s
 715453 213180     cutoff  121      1046.02379 1041.51552  0.43%   127 4559s
 719414 213719 1044.35130   93  103 1046.02379 1041.53905  0.43%   127 4573s
 723159 214167 1044.23949  122  121 1046.02379 1041.56578  0.43%   127 4587s
 726559 214438     cutoff   73      1046.02379 1041.57685  0.43%   127 4601s
 730258 214955 1043.63794  138  128 1046.02379 1041.60631  0.42%   127 4618s
 732857 215292 1045.46821   92   67 1046.02379 1041.61363  0.42%   127 4633s
 736802 215611     cutoff   79      1046.02379 1041.64233  0.42%   127 4650s
 740575 216027 1045.18819  105   38 1046.02379 1041.66478  0.42%   127 4664s
 744619 216636 1044.82983   83  106 1046.02379 1041.68995  0.41%   127 4678s
 748255 217172 1042.11267  197  143 1046.02379 1041.70156  0.41%   127 4691s
 752149 217742 1042.98942  157  183 1046.02379 1041.72160  0.41%   127 4705s
 756052 217982 infeasible  144      1046.02379 1041.74637  0.41%   127 4718s
 759394 218467     cutoff  130      1046.02379 1041.76644  0.41%   127 4731s
 762946 218941     cutoff  108      1046.02379 1041.78143  0.41%   127 4748s
 767105 219491 1042.59772  193   89 1046.02379 1041.80274  0.40%   127 4761s
H769794 219491                    1046.0237918 1041.80781  0.40%   127 4761s
 770779 219793 1045.21679  114   43 1046.02379 1041.82257  0.40%   127 4775s
 774531 220065     cutoff   88      1046.02379 1041.84589  0.40%   127 4787s
 778143 220292     cutoff  104      1046.02379 1041.86372  0.40%   127 4800s
 781418 220592     cutoff  110      1046.02379 1041.87445  0.40%   127 4814s
 784088 220813     cutoff   92      1046.02379 1041.89378  0.39%   127 4828s
 788096 221267 1043.45204  104   96 1046.02379 1041.92046  0.39%   127 4842s
 792020 221525     cutoff  183      1046.02379 1041.93897  0.39%   127 4859s
 796226 221590 1044.46181   77  105 1046.02379 1041.96338  0.39%   127 4872s
 799867 222047 1045.31088  122  114 1046.02379 1041.98042  0.39%   127 4885s
 803777 222219 1043.21086  114  121 1046.02379 1041.99648  0.39%   127 4898s
 807292 222442 1043.59279  165   83 1046.02379 1042.01071  0.38%   127 4912s
 811169 222614     cutoff   93      1046.02379 1042.02773  0.38%   126 4925s
 814513 222934     cutoff  131      1046.02379 1042.05340  0.38%   126 4938s
 818240 223217 1042.64884  156  198 1046.02379 1042.06979  0.38%   126 4955s
 822692 223259 1045.12537  179  167 1046.02379 1042.09314  0.38%   126 4968s
 825972 223324 1043.91664  157  108 1046.02379 1042.10874  0.37%   126 4981s
 829681 223628     cutoff  127      1046.02379 1042.12729  0.37%   126 4995s
 833617 223784     cutoff  113      1046.02379 1042.14841  0.37%   126 5008s
 837249 223847     cutoff  147      1046.02379 1042.16446  0.37%   126 5021s
 841066 224202     cutoff  177      1046.02379 1042.18845  0.37%   126 5035s
 845249 224209 1043.54818  151   92 1046.02379 1042.20324  0.37%   126 5053s
 849763 224293 1045.08318  159   89 1046.02379 1042.22536  0.36%   126 5066s
 853304 224326 1044.42310  162   93 1046.02379 1042.23878  0.36%   126 5080s
 857107 224171     cutoff  167      1046.02379 1042.25804  0.36%   126 5094s
 860993 224482 1044.95472  164  138 1046.02379 1042.27793  0.36%   126 5110s
 864596 224590     cutoff  117      1046.02379 1042.29037  0.36%   126 5125s
 869042 224580     cutoff  100      1046.02379 1042.31219  0.35%   126 5138s
 873161 224403 1044.03873  105  100 1046.02379 1042.33448  0.35%   126 5156s
 877849 224520     cutoff  169      1046.02379 1042.35466  0.35%   126 5169s
 881872 224726 1044.51300  107   82 1046.02379 1042.37125  0.35%   125 5182s
 885975 224670     cutoff   82      1046.02379 1042.38607  0.35%   125 5195s
 889877 224578 1044.05268  106   77 1046.02379 1042.40614  0.35%   125 5208s
 892454 224442     cutoff   79      1046.02379 1042.41050  0.35%   125 5222s
 896670 224306 infeasible  117      1046.02379 1042.44244  0.34%   125 5237s
 901200 223856     cutoff  101      1046.02379 1042.45879  0.34%   125 5255s
 905971 223807 1042.95280   85  146 1046.02379 1042.48639  0.34%   125 5269s
 910410 223654     cutoff  120      1046.02379 1042.49967  0.34%   125 5283s
 914356 223640     cutoff  182      1046.02379 1042.52062  0.33%   125 5296s
 918025 223559     cutoff  103      1046.02379 1042.53487  0.33%   125 5320s
 921273 223386 1043.16852   72   74 1046.02379 1042.55217  0.33%   125 5337s
 926811 223222 1044.27377  178  104 1046.02379 1042.57683  0.33%   125 5353s
 931270 222956 infeasible  164      1046.02379 1042.59426  0.33%   125 5368s
 936055 222892 1043.57034  142   84 1046.02379 1042.61702  0.33%   124 5383s
 940674 222752 1045.72353  121   50 1046.02379 1042.63480  0.32%   124 5401s
 945987 222398 1043.35779  165  129 1046.02379 1042.65726  0.32%   124 5414s
 949989 222136     cutoff  111      1046.02379 1042.67246  0.32%   124 5428s
 954232 221789     cutoff  147      1046.02379 1042.68925  0.32%   124 5441s
 958536 221704 1044.44931  168  133 1046.02379 1042.71169  0.32%   124 5455s
 963006 221230 1043.91530  169  131 1046.02379 1042.72782  0.32%   124 5469s
 967624 221215 1044.15592  200   94 1046.02379 1042.75088  0.31%   124 5484s
 972335 220984     cutoff  120      1046.02379 1042.76854  0.31%   124 5497s
 976243 220851 1043.26169   74  112 1046.02379 1042.78018  0.31%   123 5517s
 981777 220740     cutoff   89      1046.02379 1042.80116  0.31%   123 5531s
 986115 220160     cutoff  142      1046.02379 1042.82079  0.31%   123 5546s
 990772 219928 1043.46649  112   57 1046.02379 1042.83804  0.30%   123 5560s
 995420 219595 1045.00496  112  149 1046.02379 1042.85838  0.30%   123 5574s
 1000016 219053     cutoff  120      1046.02379 1042.87772  0.30%   123 5588s
 1004346 218624     cutoff  220      1046.02379 1042.89343  0.30%   123 5602s
 1009071 218212 1042.94762  144   60 1046.02379 1042.91526  0.30%   123 5617s
 1013864 217903 1044.50792   74  117 1046.02379 1042.93700  0.30%   123 5631s
 1018361 217713     cutoff  109      1046.02379 1042.94939  0.29%   123 5651s
 1024483 217507 1044.33766  138   51 1046.02379 1042.97340  0.29%   122 5665s
 1029045 217152     cutoff  112      1046.02379 1042.98800  0.29%   122 5679s
 1033770 216890     cutoff  143      1046.02379 1043.00608  0.29%   122 5693s
 1038400 216711     cutoff  113      1046.02379 1043.02632  0.29%   122 5706s
 1042013 216155 1043.20843   96   81 1046.02379 1043.03661  0.29%   122 5721s
 1046975 215711     cutoff  166      1046.02379 1043.05738  0.28%   122 5735s
 1051412 214968     cutoff  186      1046.02379 1043.07384  0.28%   122 5749s
 1056511 214455 1044.66153   97   83 1046.02379 1043.08424  0.28%   121 5763s
 1061420 213786 1044.43745  109   91 1046.02379 1043.10832  0.28%   121 5778s
 1066251 213223 1043.31094  169  172 1046.02379 1043.12910  0.28%   121 5791s
 1070992 212553 1044.67722  102   73 1046.02379 1043.14795  0.27%   121 5805s
 1075870 211755 1043.52644  110   51 1046.02379 1043.16821  0.27%   121 5818s
 1080487 211042     cutoff  191      1046.02379 1043.18007  0.27%   121 5831s
 1085262 210673     cutoff   95      1046.02379 1043.20465  0.27%   121 5844s
 1089627 210061 1044.25091  141   64 1046.02379 1043.21913  0.27%   120 5857s
 1094202 209434     cutoff   78      1046.02379 1043.23292  0.27%   120 5871s
 1098895 209091 1044.78331  171  150 1046.02379 1043.24709  0.27%   120 5893s
 1102407 208317 1045.49379  186   96 1046.02379 1043.26103  0.26%   120 5909s
 1108296 207851     cutoff  133      1046.02379 1043.28228  0.26%   120 5924s
 1113811 207045     cutoff  170      1046.02379 1043.30023  0.26%   120 5939s
 1119176 206798 1045.78334  112    8 1046.02379 1043.31957  0.26%   120 5953s
 1122051 206349     cutoff  101      1046.02379 1043.32811  0.26%   120 5969s
 1128351 205590     cutoff  142      1046.02379 1043.34293  0.26%   119 5984s
 1133769 204987 1045.31983   96   44 1046.02379 1043.36384  0.25%   119 5999s
 1139551 204201     cutoff  117      1046.02379 1043.38087  0.25%   119 6013s
 1144495 203210 1044.40895  140   79 1046.02379 1043.40063  0.25%   119 6028s
 1150118 202517     cutoff  152      1046.02379 1043.41980  0.25%   119 6041s
 1155474 201515     cutoff  155      1046.02379 1043.43436  0.25%   118 6055s
 1160633 200734     cutoff  162      1046.02379 1043.45128  0.25%   118 6068s
 1165741 199657     cutoff  199      1046.02379 1043.47275  0.24%   118 6082s
 1170604 198971 1044.66997  171  133 1046.02379 1043.49293  0.24%   118 6095s
 1175703 198073 1045.24743  135   58 1046.02379 1043.50834  0.24%   118 6109s
 1181004 197483 1045.23662  141  106 1046.02379 1043.52426  0.24%   118 6122s
 1185884 196627     cutoff  143      1046.02379 1043.54012  0.24%   117 6135s
 1191404 195498 1045.33560   82  138 1046.02379 1043.55780  0.24%   117 6148s
 1196053 194537     cutoff  222      1046.02379 1043.57794  0.23%   117 6162s
 1201426 194489     cutoff  221      1046.02379 1043.59351  0.23%   117 6206s
 1201674 193625 1044.02234  142   74 1046.02379 1043.59409  0.23%   117 6222s
 1207884 192679     cutoff   93      1046.02379 1043.60984  0.23%   117 6236s
 1213518 191629 1044.78447   89   82 1046.02379 1043.62879  0.23%   117 6251s
 1219292 190568 1043.96760  105   91 1046.02379 1043.65198  0.23%   116 6264s
 1224266 189166 1044.57795  193   91 1046.02379 1043.66554  0.23%   116 6278s
 1229639 188309     cutoff  148      1046.02379 1043.68773  0.22%   116 6292s
 1235082 187254 1044.32930  139  132 1046.02379 1043.70159  0.22%   116 6306s
 1241006 186053     cutoff   82      1046.02379 1043.71853  0.22%   116 6319s
 1246339 184671 1044.91986  108  110 1046.02379 1043.73430  0.22%   116 6333s
 1251886 183439     cutoff  112      1046.02379 1043.75596  0.22%   115 6346s
 1257111 182083     cutoff  124      1046.02379 1043.77690  0.21%   115 6359s
 1262546 180631 1043.80502  146   59 1046.02379 1043.79316  0.21%   115 6372s
 1267813 179291 1045.11250  165   94 1046.02379 1043.81476  0.21%   115 6389s
 1273556 177783     cutoff  187      1046.02379 1043.82969  0.21%   115 6402s
 1279297 176495 infeasible  137      1046.02379 1043.85087  0.21%   114 6416s
 1285076 175349 1045.85504  116   40 1046.02379 1043.86921  0.21%   114 6430s
 1290253 173929     cutoff  184      1046.02379 1043.88479  0.20%   114 6444s
 1296300 172644     cutoff  100      1046.02379 1043.90419  0.20%   114 6457s
H1299958 172644                    1046.0237905 1043.90580  0.20%   114 6457s
 1301564 171440 1045.98016  126   62 1046.02379 1043.92237  0.20%   114 6471s
 1307368 170610 1044.74914  118   57 1046.02379 1043.94031  0.20%   114 6483s
 1311229 169114 1045.99080  101  102 1046.02379 1043.94513  0.20%   113 6499s
 1317784 167542 1044.69182  139  154 1046.02379 1043.97026  0.20%   113 6512s
 1323643 166045 1044.75120  195  106 1046.02379 1043.99035  0.19%   113 6527s
 1329690 164618 1044.58749  178  112 1046.02379 1044.00395  0.19%   113 6541s
 1335703 162857 1045.13272  121  120 1046.02379 1044.02731  0.19%   113 6556s
 1342327 161074 1045.71231   92  175 1046.02379 1044.04493  0.19%   112 6570s
 1348309 159297 1045.73832  177   87 1046.02379 1044.06789  0.19%   112 6585s
 1354742 157057     cutoff  154      1046.02379 1044.08534  0.19%   112 6600s
 1361060 155237 1044.69744  137   52 1046.02379 1044.10811  0.18%   112 6614s
 1367636 153636     cutoff  228      1046.02379 1044.12861  0.18%   112 6628s
 1374016 151872 1045.02993  163  187 1046.02379 1044.14629  0.18%   111 6642s
 1380431 150447     cutoff  230      1046.02379 1044.16660  0.18%   111 6656s
 1386303 148681     cutoff  157      1046.02379 1044.18366  0.18%   111 6671s
 1393153 147224     cutoff   91      1046.02379 1044.20247  0.17%   111 6684s
 1398953 145352 1045.78583  157   76 1046.02379 1044.22046  0.17%   110 6697s
 1404960 143113     cutoff  114      1046.02379 1044.23991  0.17%   110 6712s
 1411333 141287 1044.82746  196   76 1046.02379 1044.26074  0.17%   110 6730s
 1417877 139081 1044.44430  130   75 1046.02379 1044.28181  0.17%   110 6745s
 1425188 136886     cutoff  136      1046.02379 1044.29950  0.16%   109 6760s
 1432192 134726 1044.96445  100   76 1046.02379 1044.32516  0.16%   109 6775s
 1438957 132394 1045.51070   84   22 1046.02379 1044.34844  0.16%   109 6790s
 1445767 130188     cutoff  200      1046.02379 1044.37036  0.16%   109 6804s
 1452373 128003     cutoff  146      1046.02379 1044.39267  0.16%   109 6819s
 1459582 126740 1045.15434  107   81 1046.02379 1044.41501  0.15%   108 6833s
 1466999 124569     cutoff  111      1046.02379 1044.43437  0.15%   108 6847s
 1473467 122427     cutoff  136      1046.02379 1044.45428  0.15%   108 6860s
 1479534 120540     cutoff  143      1046.02379 1044.47401  0.15%   108 6874s
 1486427 118797 1045.55153  133    7 1046.02379 1044.49244  0.15%   107 6887s
 1493444 116583     cutoff  165      1046.02379 1044.51171  0.14%   107 6900s
 1499714 114546     cutoff  108      1046.02379 1044.53320  0.14%   107 6914s
 1505752 112127 1045.87816  120   29 1046.02379 1044.55071  0.14%   107 6928s
 1513250 110017 infeasible  155      1046.02379 1044.57699  0.14%   106 6941s
 1519533 107459     cutoff  148      1046.02379 1044.59193  0.14%   106 6955s
 1525566 104721 1045.70489  113  115 1046.02379 1044.61379  0.13%   106 6970s
 1532691 102135     cutoff  177      1046.02379 1044.64482  0.13%   106 6984s
 1540292 99481     cutoff  176      1046.02379 1044.66355  0.13%   105 6997s
 1546597 96658     cutoff  124      1046.02379 1044.68868  0.13%   105 7011s
 1554040 93814     cutoff  152      1046.02379 1044.71372  0.13%   105 7024s
 1554362 93814 1045.21961   88  118 1046.02379 1044.71389  0.13%   105 7025s
 1561089 90726     cutoff  128      1046.02379 1044.73986  0.12%   105 7038s
 1568044 87599 1045.39067  124   47 1046.02379 1044.76430  0.12%   104 7052s
 1575600 84631     cutoff  105      1046.02379 1044.79558  0.12%   104 7074s
 1582234 80394 1045.69145   74   76 1046.02379 1044.81545  0.12%   104 7091s
 1591221 76126     cutoff  117      1046.02379 1044.85526  0.11%   103 7108s
 1600095 71184     cutoff  118      1046.02379 1044.89481  0.11%   103 7123s
 1608719 65730     cutoff   98      1046.02379 1044.93763  0.10%   103 7140s
 1617956 59637     cutoff  114      1046.02379 1044.98668  0.10%   103 7158s
 1627973 53224 1045.63910  107   90 1046.02379 1045.04692  0.09%   102 7177s
 1639218 47527     cutoff  127      1046.02379 1045.11662  0.09%   102 7197s
 1650969 42520     cutoff  158      1046.02379 1045.18823  0.08%   101 7217s
 1662903 38255 1045.74433  116   21 1046.02379 1045.24907  0.07%   101 7234s
 1672715 33550 1045.74830  114   40 1046.02379 1045.31213  0.07%   100 7251s
 1682675 28182     cutoff  162      1046.02379 1045.37232  0.06%   100 7265s
 1691380 25971     cutoff  111      1046.02379 1045.45694  0.05%   100 7281s
 1701921 25200     cutoff  126      1046.02379 1045.52023  0.05%  99.3 7298s
 1712307 25006     cutoff  111      1046.02379 1045.55068  0.05%  98.8 7317s
 1724025 23376 infeasible  103      1046.02379 1045.56657  0.04%  98.3 7334s
 1733124 21029 1045.96365  113   42 1046.02379 1045.59245  0.04%  97.9 7352s
 1743328 19488     cutoff  148      1046.02379 1045.62189  0.04%  97.4 7367s
 1752512 18069     cutoff  147      1046.02379 1045.66841  0.03%  97.0 7385s
 1763864 16575 1045.75183  139   14 1046.02379 1045.69647  0.03%  96.5 7403s
 1774035 13588     cutoff   99      1046.02379 1045.72063  0.03%  96.1 7421s
 1784688 11140 1045.84896  115   11 1046.02379 1045.75784  0.03%  95.6 7438s
 1793975  8663 1045.80984  108   41 1046.02379 1045.79209  0.02%  95.2 7453s
 1802381  5637 1045.92247  109   11 1046.02379 1045.83078  0.02%  94.8 7469s
 1806396  5637 1045.87729  117   16 1046.02379 1045.83078  0.02%  94.6 7470s
 1811185  1754 infeasible  128      1046.02379 1045.87553  0.01%  94.4 7482s
 1818437     0 1046.02114  148   17 1046.02379 1045.93443  0.01%  94.1 7487s

Cutting planes:
  Gomory: 38
  Cover: 9
  Implied bound: 2
  Projected implied bound: 4
  Clique: 6
  MIR: 431
  StrongCG: 64
  Flow cover: 587
  Flow path: 54
  Inf proof: 29
  Zero half: 7
  Mod-K: 1
  RLT: 5
  Relax-and-lift: 7

Explored 1820627 nodes (171289664 simplex iterations) in 7487.42 seconds (8615.66 work units)
Thread count was 24 (of 24 available processors)

Solution count 10: 1046.02 1046.02 1046.02 ... 1050.65

Optimal solution found (tolerance 1.00e-05)
Best objective 1.046023794379e+03, best bound 1.046023794379e+03, gap 0.0000%
